2020-08-02 16:13:03,907 — Main — INFO — Starting the bot...
2020-08-02 19:04:28,548 — Main — INFO — Starting web server
2020-08-02 19:04:28,576 — Main — INFO — Starting the bot
2020-08-02 19:04:38,296 — Main — INFO — ------------
2020-08-02 19:04:38,297 — Main — INFO — Logged in as
2020-08-02 19:04:38,308 — Main — INFO — ------------
2020-08-02 19:05:38,083 — api — INFO — Adding a friend parapheen. Steam id: 76561198032200795
2020-08-02 19:05:38,697 — api — ERROR — Error occured
Traceback (most recent call last):
  File "/Users/evgeniipetrovich/Desktop/Projects/esports/universityleague-steam/korzh_bot/api.py", line 51, in add_friend
    await new_friend.add()
  File "/Users/evgeniipetrovich/Desktop/Projects/esports/universityleague-steam/venv/lib/python3.8/site-packages/steam/user.py", line 95, in add
    await self._state.http.add_user(self.id64)
  File "/Users/evgeniipetrovich/Desktop/Projects/esports/universityleague-steam/venv/lib/python3.8/site-packages/steam/http.py", line 153, in request
    raise errors.HTTPException(r, data)
steam.errors.HTTPException: 400 Bad Request (error code: 76561198032200795): []
2020-08-02 19:36:57,151 — api — INFO — Adding a friend parapheen. Steam id: 76561198032200795
2020-08-02 19:36:57,654 — api — ERROR — Error occured
Traceback (most recent call last):
  File "/Users/evgeniipetrovich/Desktop/Projects/esports/universityleague-steam/korzh_bot/api.py", line 51, in add_friend
    await new_friend.add()
  File "/Users/evgeniipetrovich/Desktop/Projects/esports/universityleague-steam/venv/lib/python3.8/site-packages/steam/user.py", line 95, in add
    await self._state.http.add_user(self.id64)
  File "/Users/evgeniipetrovich/Desktop/Projects/esports/universityleague-steam/venv/lib/python3.8/site-packages/steam/http.py", line 153, in request
    raise errors.HTTPException(r, data)
steam.errors.HTTPException: 400 Bad Request (error code: 76561198032200795): []
